<?xml version="1.0" encoding="UTF-8"?>
<!-- Generated by org.testng.reporters.JUnitReportReporter -->
<testsuite hostname="DESKTOP-K1US014" failures="0" tests="1" name="testCases.TC001_AccountRegistrationTest" time="0.973" errors="0" timestamp="2024-10-07T21:56:35 IST" skipped="0">
  <testcase classname="testCases.TC001_AccountRegistrationTest" name="verify_account_registration" time="0.973"/>
</testsuite> <!-- testCases.TC001_AccountRegistrationTest -->
