<?xml version="1.0" encoding="UTF-8"?>
<!-- Generated by org.testng.reporters.JUnitReportReporter -->
<testsuite hostname="DESKTOP-K1US014" failures="0" tests="1" name="testCases.TC002_LoginTest" time="0.934" errors="0" timestamp="2024-10-07T21:56:35 IST" skipped="0">
  <testcase classname="testCases.TC002_LoginTest" name="verify_login" time="0.934"/>
</testsuite> <!-- testCases.TC002_LoginTest -->
